Yaogd-two/proguard/seeds.txt
com.commonsware.cwac.camera.CWACActivity
com.commonsware.cwac.camera.CWACActivity: CWACActivity()
com.commonsware.cwac.camera.CameraHost$FailureReason: com.commonsware.cwac.camera.CameraHost$FailureReason[] values()
com.commonsware.cwac.camera.CameraHost$FailureReason: com.commonsware.cwac.camera.CameraHost$FailureReason valueOf(java.lang.String)
com.commonsware.cwac.camera.CameraView
com.commonsware.cwac.camera.CameraView: CameraView(android.content.Context,android.util.AttributeSet)
com.commonsware.cwac.camera.CameraView: CameraView(android.content.Context,android.util.AttributeSet,int)
com.lefu.bsi.activity.MainActivity
com.lefu.bsi.activity.MainActivity: MainActivity()
com.lefu.camera.CameraActivity
com.lefu.camera.CameraActivity: CameraActivity()
com.lefu.camera.CameraMask
com.lefu.camera.CameraMask: CameraMask(android.content.Context,android.util.AttributeSet)
com.lefu.camera.CameraPreview
com.lefu.camera.CameraPreview: CameraPreview(android.content.Context,android.util.AttributeSet)
com.lefu.camera.MaskSurfaceView
com.lefu.camera.MaskSurfaceView: MaskSurfaceView(android.content.Context,android.util.AttributeSet)
com.lefu.camera.StartActivity
com.lefu.camera.StartActivity: StartActivity()
com.lefu.webview.WebViewDialog
com.lefu.webview.WebViewDialog: WebViewDialog()
com.lefu.webview.WebViewLoadContact
com.lefu.webview.WebViewLoadContact: WebViewLoadContact()
com.lefu.webview.camera.CameraWebviewActivity
com.lefu.webview.camera.CameraWebviewActivity: CameraWebviewActivity()
com.lefu.webview.loadContact.ShowContactActivity
com.lefu.webview.loadContact.ShowContactActivity: ShowContactActivity()
fenshi.ProgressView
fenshi.ProgressView: ProgressView(android.content.Context)
fenshi.ProgressView: ProgressView(android.content.Context,android.util.AttributeSet)
fenshi.ProgressView: ProgressView(android.content.Context,android.util.AttributeSet,int)
fenshi.RingView
fenshi.RingView: RingView(android.content.Context)
fenshi.RingView: RingView(android.content.Context,android.util.AttributeSet)
fenshi.RingView: RingView(android.content.Context,android.util.AttributeSet,int)