Yaogd-two/proguard/mapping.txt
com.lefu.webview.camera.CameraWebviewActivity$MyHandler -> com.lefu.webview.camera.a:
    com.lefu.webview.camera.CameraWebviewActivity this$0 -> a
    void handleMessage(android.os.Message) -> handleMessage
com.lefu.webview.camera.CameraWebviewActivity$OpenPhoto -> com.lefu.webview.camera.b:
    com.lefu.webview.camera.CameraWebviewActivity this$0 -> a
    void run() -> run
com.lefu.webview.camera.CameraWebviewActivity$TakePicture -> com.lefu.webview.camera.c:
    com.lefu.webview.camera.CameraWebviewActivity this$0 -> a
    void run() -> run
com.lefu.webview.camera.CameraWebviewActivity$WebAppInterface -> com.lefu.webview.camera.d:
    com.lefu.webview.camera.CameraWebviewActivity this$0 -> a
com.lefu.webview.camera.MyWebChromeClient -> com.lefu.webview.camera.e:
    android.os.Handler mHandler -> a
    android.app.Activity activity -> b
    boolean onJsAlert(android.webkit.WebView,java.lang.String,java.lang.String,android.webkit.JsResult) -> onJsAlert
    boolean onJsConfirm(android.webkit.WebView,java.lang.String,java.lang.String,android.webkit.JsResult) -> onJsConfirm
    boolean onJsPrompt(android.webkit.WebView,java.lang.String,java.lang.String,java.lang.String,android.webkit.JsPromptResult) -> onJsPrompt
    void onProgressChanged(android.webkit.WebView,int) -> onProgressChanged
    void onReceivedTitle(android.webkit.WebView,java.lang.String) -> onReceivedTitle
    android.os.Handler access$0(com.lefu.webview.camera.MyWebChromeClient) -> a
com.lefu.webview.camera.MyWebChromeClient$1 -> com.lefu.webview.camera.f:
    com.lefu.webview.camera.MyWebChromeClient this$0 -> a
    android.webkit.JsResult val$result -> b
    void onClick(android.content.DialogInterface,int) -> onClick
com.lefu.webview.camera.MyWebChromeClient$2 -> com.lefu.webview.camera.g:
    com.lefu.webview.camera.MyWebChromeClient this$0 -> a
    android.webkit.JsResult val$result -> b
    void onClick(android.content.DialogInterface,int) -> onClick
com.lefu.webview.camera.MyWebChromeClient$3 -> com.lefu.webview.camera.h:
    com.lefu.webview.camera.MyWebChromeClient this$0 -> a
    android.view.View val$dialogview -> b
    android.webkit.JsPromptResult val$result -> c
    void onClick(android.content.DialogInterface,int) -> onClick
com.lefu.webview.camera.MyWebChromeClient$4 -> com.lefu.webview.camera.i:
    com.lefu.webview.camera.MyWebChromeClient this$0 -> a
    android.webkit.JsPromptResult val$result -> b
    void onClick(android.content.DialogInterface,int) -> onClick
com.lefu.webview.camera.MyWebChromeClient$5 -> com.lefu.webview.camera.j:
    com.lefu.webview.camera.MyWebChromeClient this$0 -> a
    android.webkit.JsPromptResult val$result -> b
    void onCancel(android.content.DialogInterface) -> onCancel