Yaogd-two/proguard/usage.txt
com.commonsware.cwac.camera.CWACActivity:
    47:48:protected void setCameraView(com.commonsware.cwac.camera.CameraView)
    59:60:public void setHost(com.commonsware.cwac.camera.CameraHost)
    63:64:public void takePicture()
    67:68:public void takePicture(boolean,boolean)
    74:74:public int getDisplayOrientation()
    86:87:public void lockToLandscape(boolean)
    94:95:public void autoFocus()
    102:103:public void cancelAutoFocus()
    109:109:public boolean isAutoFocusAvailable()
    117:118:public void restartPreview()
    125:125:public java.lang.String getFlashMode()
    143:143:public boolean doesZoomReallyWork()
com.commonsware.cwac.camera.CameraHost:
    public abstract android.hardware.Camera$Parameters adjustPictureParameters(android.hardware.Camera$Parameters)
    public abstract android.hardware.Camera$Size getPictureSize(android.hardware.Camera$Parameters)
    public abstract android.hardware.Camera$ShutterCallback getShutterCallback()
com.commonsware.cwac.camera.CameraUtils:
    private static final double ASPECT_TOLERANCE
    23:23:public CameraUtils()
    32:69:public static android.hardware.Camera$Size getOptimalPreviewSize(int,int,int,android.hardware.Camera$Parameters)
    115:139:public static android.hardware.Camera$Size getLargestPictureSize(android.hardware.Camera$Parameters)
    143:159:public static android.hardware.Camera$Size getSmallestPictureSize(android.hardware.Camera$Parameters)
com.commonsware.cwac.camera.CameraView:
    static final java.lang.String TAG
    208:218:public void lockToLandscape(boolean)
    236:239:public void restartPreview()
    242:269:public void takePicture(boolean,boolean)
    272:276:public void autoFocus()
    279:280:public void cancelAutoFocus()
    283:283:public boolean isAutoFocusAvailable()
    296:296:public java.lang.String getFlashMode()
    319:322:public boolean doesZoomReallyWork()
    345:347:void previewReset(int,int)
com.commonsware.cwac.camera.DeviceProfile:
    85:85:public boolean rotateBasedOnExif()
    93:93:public int getMinPictureHeight()
    97:97:public int getMaxPictureHeight()
    104:104:public android.hardware.Camera$Size getPreferredPreviewSizeForVideo(int,int,int,android.hardware.Camera$Parameters)
    108:108:public boolean doesZoomActuallyWork(boolean)
com.commonsware.cwac.camera.DeviceProfile$DroidIncredible2Profile:
    186:186:public int getMaxPictureHeight()
com.commonsware.cwac.camera.DeviceProfile$FullExifFixupDeviceProfile:
    154:154:public boolean rotateBasedOnExif()
com.commonsware.cwac.camera.DeviceProfile$HtcOneDeviceProfile:
    120:120:public int getMaxPictureHeight()
com.commonsware.cwac.camera.DeviceProfile$MotorolaRazrIProfile:
    114:114:public boolean doesZoomActuallyWork(boolean)
com.commonsware.cwac.camera.DeviceProfile$Nexus4DeviceProfile:
    126:126:public int getMaxPictureHeight()
com.commonsware.cwac.camera.DeviceProfile$SamsungGalaxyCameraDeviceProfile:
    172:172:public int getMaxPictureHeight()
com.commonsware.cwac.camera.DeviceProfile$SamsungGalaxyS3DeviceProfile:
    165:165:public int getMinPictureHeight()
com.commonsware.cwac.camera.DeviceProfile$SamsungGalaxySGHI337DeviceProfile:
    142:142:public int getMaxPictureHeight()
com.commonsware.cwac.camera.DeviceProfile$SamsungGalaxyTab2Profile:
    132:132:public int getMaxPictureHeight()
com.commonsware.cwac.camera.PreviewStrategy:
    public abstract void attach(android.media.MediaRecorder)
com.commonsware.cwac.camera.SimpleCameraHost:
    45:45:public android.hardware.Camera$Parameters adjustPictureParameters(android.hardware.Camera$Parameters)
    89:89:public android.hardware.Camera$Size getPictureSize(android.hardware.Camera$Parameters)
    103:103:public android.hardware.Camera$ShutterCallback getShutterCallback()
    201:205:protected java.io.File getVideoPath()
    209:209:protected java.io.File getVideoDirectory()
    214:216:protected java.lang.String getVideoFilename()